0 info it worked if it ends with ok
1 verbose cli [ '/Users/thibaultgillard/.nvm/versions/node/v4.9.1/bin/node',
1 verbose cli   '/Users/thibaultgillard/.nvm/versions/node/v4.9.1/bin/npm',
1 verbose cli   'run',
1 verbose cli   'dev' ]
2 info using npm@2.15.11
3 info using node@v4.9.1
4 verbose run-script [ 'predev', 'dev', 'postdev' ]
5 info predev epfbook@1.0.0
6 info dev epfbook@1.0.0
7 verbose unsafe-perm in lifecycle true
8 info epfbook@1.0.0 Failed to exec dev script
9 verbose stack Error: epfbook@1.0.0 dev: `nodemon app.js`
9 verbose stack Exit status 1
9 verbose stack     at EventEmitter.<anonymous> (/Users/thibaultgillard/.nvm/versions/node/v4.9.1/lib/node_modules/npm/lib/utils/lifecycle.js:217:16)
9 verbose stack     at emitTwo (events.js:87:13)
9 verbose stack     at EventEmitter.emit (events.js:172:7)
9 verbose stack     at ChildProcess.<anonymous> (/Users/thibaultgillard/.nvm/versions/node/v4.9.1/lib/node_modules/npm/lib/utils/spawn.js:24:14)
9 verbose stack     at emitTwo (events.js:87:13)
9 verbose stack     at ChildProcess.emit (events.js:172:7)
9 verbose stack     at maybeClose (internal/child_process.js:862:16)
9 verbose stack     at Process.ChildProcess._handle.onexit (internal/child_process.js:222:5)
10 verbose pkgid epfbook@1.0.0
11 verbose cwd /Users/thibaultgillard/Documents/EPF/4A/Web programming/TP_Node_Git/TP2/epfbook
12 error Darwin 21.6.0
13 error argv "/Users/thibaultgillard/.nvm/versions/node/v4.9.1/bin/node" "/Users/thibaultgillard/.nvm/versions/node/v4.9.1/bin/npm" "run" "dev"
14 error node v4.9.1
15 error npm  v2.15.11
16 error code ELIFECYCLE
17 error epfbook@1.0.0 dev: `nodemon app.js`
17 error Exit status 1
18 error Failed at the epfbook@1.0.0 dev script 'nodemon app.js'.
18 error This is most likely a problem with the epfbook package,
18 error not with npm itself.
18 error Tell the author that this fails on your system:
18 error     nodemon app.js
18 error You can get information on how to open an issue for this project with:
18 error     npm bugs epfbook
18 error Or if that isn't available, you can get their info via:
18 error
18 error     npm owner ls epfbook
18 error There is likely additional logging output above.
19 verbose exit [ 1, true ]
